2020-05-05 20:14:27.811  INFO 10668 --- [restartedMain] c.f.categorias.CategoriesApplication     : The following profiles are active: local
2020-05-05 20:14:29.116  INFO 10668 --- [restartedMain] .s.d.r.c.RepositoryConfigurationDelegate : Bootstrapping Spring Data repositories in DEFAULT mode.
2020-05-05 20:14:29.178  INFO 10668 --- [restartedMain] .s.d.r.c.RepositoryConfigurationDelegate : Finished Spring Data repository scanning in 56ms. Found 2 repository interfaces.
2020-05-05 20:14:29.357  WARN 10668 --- [restartedMain] o.s.boot.actuate.endpoint.EndpointId     : Endpoint ID 'service-registry' contains invalid characters, please migrate to a valid format.
2020-05-05 20:14:29.576  INFO 10668 --- [restartedMain] o.s.cloud.context.scope.GenericScope     : BeanFactory id=512626f7-176a-342a-903a-420ec55bfc28
2020-05-05 20:14:29.685  INFO 10668 --- [restartedMain] trationDelegate$BeanPostProcessorChecker : Bean 'org.springframework.transaction.annotation.ProxyTransactionManagementConfiguration' of type [org.springframework.transaction.annotation.ProxyTransactionManagementConfiguration$$EnhancerBySpringCGLIB$$6b3db754] is not eligible for getting processed by all BeanPostProcessors (for example: not eligible for auto-proxying)
2020-05-05 20:14:29.701  INFO 10668 --- [restartedMain] trationDelegate$BeanPostProcessorChecker : Bean 'org.springframework.hateoas.config.HateoasConfiguration' of type [org.springframework.hateoas.config.HateoasConfiguration$$EnhancerBySpringCGLIB$$eabe0486] is not eligible for getting processed by all BeanPostProcessors (for example: not eligible for auto-proxying)
2020-05-05 20:14:29.716  INFO 10668 --- [restartedMain] trationDelegate$BeanPostProcessorChecker : Bean 'org.springframework.cloud.autoconfigure.ConfigurationPropertiesRebinderAutoConfiguration' of type [org.springframework.cloud.autoconfigure.ConfigurationPropertiesRebinderAutoConfiguration$$EnhancerBySpringCGLIB$$8757ba51] is not eligible for getting processed by all BeanPostProcessors (for example: not eligible for auto-proxying)
2020-05-05 20:14:30.357  INFO 10668 --- [restartedMain] o.s.b.w.embedded.tomcat.TomcatWebServer  : Tomcat initialized with port(s): 0 (http)
2020-05-05 20:14:30.388  INFO 10668 --- [restartedMain] o.apache.catalina.core.StandardService   : Starting service [Tomcat]
2020-05-05 20:14:30.388  INFO 10668 --- [restartedMain] org.apache.catalina.core.StandardEngine  : Starting Servlet engine: [Apache Tomcat/9.0.14]
2020-05-05 20:14:30.388  INFO 10668 --- [restartedMain] o.a.catalina.core.AprLifecycleListener   : The APR based Apache Tomcat Native library which allows optimal performance in production environments was not found on the java.library.path: [C:\Program Files\Java\jdk1.8.0_251\bin;C:\Windows\Sun\Java\bin;C:\Windows\system32;C:\Windows;C:/Program Files/Java/jre1.8.0_251/bin/server;C:/Program Files/Java/jre1.8.0_251/bin;C:/Program Files/Java/jre1.8.0_251/lib/amd64;C:\Program Files (x86)\Common Files\Oracle\Java\javapath;C:\Program Files (x86)\NVIDIA Corporation\PhysX\Common;C:\Program Files (x86)\Intel\iCLS Client\;C:\Program Files\Intel\iCLS Client\;C:\Windows\system32;C:\Windows;C:\Windows\System32\Wbem;C:\Windows\System32\WindowsPowerShell\v1.0\;C:\Program Files\Intel\Intel(R) Management Engine Components\DAL;C:\Program Files\Intel\Intel(R) Management Engine Components\IPT;C:\Program Files (x86)\Intel\Intel(R) Management Engine Components\DAL;C:\Program Files (x86)\Intel\Intel(R) Management Engine Components\IPT;C:\Program Files\Git\cmd;C:\Software\apache-maven-3.6.1\bin%;C:\Program Files\nodejs\;C:\Software\apache-maven-3.6.1\bin;C:\Program Files\Java\jdk1.8.0_251\bin;C:\Users\HP PC\AppData\Roaming\npm;C:\Users\HP PC\AppData\Local\Programs\Microsoft VS Code\bin;C:\Users\HP PC\AppData\Local\Google\Cloud SDK\google-cloud-sdk\bin;%M2_HOME\bin%;C:\Program Files\Docker Toolbox;C:\Software\sts-4.4.2.RELEASE;;.]
2020-05-05 20:14:30.513  INFO 10668 --- [restartedMain] o.a.c.c.C.[Tomcat].[localhost].[/]       : Initializing Spring embedded WebApplicationContext
2020-05-05 20:14:30.513  INFO 10668 --- [restartedMain] o.s.web.context.ContextLoader            : Root WebApplicationContext: initialization completed in 2686 ms
2020-05-05 20:14:30.716  WARN 10668 --- [restartedMain] c.n.c.sources.URLConfigurationSource     : No URLs will be polled as dynamic configuration sources.
2020-05-05 20:14:30.716  INFO 10668 --- [restartedMain] c.n.c.sources.URLConfigurationSource     : To enable URLs as dynamic configuration sources, define System property archaius.configurationSource.additionalUrls or make config.properties available on classpath.
2020-05-05 20:14:30.732  INFO 10668 --- [restartedMain] c.netflix.config.DynamicPropertyFactory  : DynamicPropertyFactory is initialized with configuration sources: com.netflix.config.ConcurrentCompositeConfiguration@6d9774fb
2020-05-05 20:14:32.294  INFO 10668 --- [restartedMain] com.zaxxer.hikari.HikariDataSource       : HikariPool-1 - Starting...
2020-05-05 20:14:32.379  INFO 10668 --- [restartedMain] com.zaxxer.hikari.HikariDataSource       : HikariPool-1 - Start completed.
2020-05-05 20:14:32.441  INFO 10668 --- [restartedMain] o.hibernate.jpa.internal.util.LogHelper  : HHH000204: Processing PersistenceUnitInfo [
	name: default
	...]
2020-05-05 20:14:32.519  INFO 10668 --- [restartedMain] org.hibernate.Version                    : HHH000412: Hibernate Core {5.3.7.Final}
2020-05-05 20:14:32.519  INFO 10668 --- [restartedMain] org.hibernate.cfg.Environment            : HHH000206: hibernate.properties not found
2020-05-05 20:14:32.660  INFO 10668 --- [restartedMain] o.hibernate.annotations.common.Version   : HCANN000001: Hibernate Commons Annotations {5.0.4.Final}
2020-05-05 20:14:32.769  INFO 10668 --- [restartedMain] org.hibernate.dialect.Dialect            : HHH000400: Using dialect: org.hibernate.dialect.MySQL8Dialect
2020-05-05 20:14:33.504  INFO 10668 --- [restartedMain] j.LocalContainerEntityManagerFactoryBean : Initialized JPA EntityManagerFactory for persistence unit 'default'
2020-05-05 20:14:33.950  WARN 10668 --- [restartedMain] o.s.b.d.a.OptionalLiveReloadServer       : Unable to start LiveReload server
2020-05-05 20:14:34.935  WARN 10668 --- [restartedMain] c.n.c.sources.URLConfigurationSource     : No URLs will be polled as dynamic configuration sources.
2020-05-05 20:14:34.942  INFO 10668 --- [restartedMain] c.n.c.sources.URLConfigurationSource     : To enable URLs as dynamic configuration sources, define System property archaius.configurationSource.additionalUrls or make config.properties available on classpath.
2020-05-05 20:14:35.193  INFO 10668 --- [restartedMain] o.s.s.concurrent.ThreadPoolTaskExecutor  : Initializing ExecutorService 'applicationTaskExecutor'
2020-05-05 20:14:35.240  WARN 10668 --- [restartedMain] aWebConfiguration$JpaWebMvcConfiguration : spring.jpa.open-in-view is enabled by default. Therefore, database queries may be performed during view rendering. Explicitly configure spring.jpa.open-in-view to disable this warning
2020-05-05 20:14:36.537  INFO 10668 --- [restartedMain] o.s.b.a.e.web.EndpointLinksResolver      : Exposing 2 endpoint(s) beneath base path '/actuator'
2020-05-05 20:14:36.721  INFO 10668 --- [restartedMain] o.s.b.w.embedded.tomcat.TomcatWebServer  : Tomcat started on port(s): 63819 (http) with context path ''
2020-05-05 20:14:36.721  INFO 10668 --- [restartedMain] .s.c.n.e.s.EurekaAutoServiceRegistration : Updating port to 63819
2020-05-05 20:14:36.721  INFO 10668 --- [restartedMain] o.s.c.n.eureka.InstanceInfoFactory       : Setting initial instance status as: STARTING
2020-05-05 20:14:36.768  INFO 10668 --- [restartedMain] com.netflix.discovery.DiscoveryClient    : Initializing Eureka in region us-east-1
2020-05-05 20:14:37.034  INFO 10668 --- [restartedMain] c.n.d.provider.DiscoveryJerseyProvider   : Using JSON encoding codec LegacyJacksonJson
2020-05-05 20:14:37.034  INFO 10668 --- [restartedMain] c.n.d.provider.DiscoveryJerseyProvider   : Using JSON decoding codec LegacyJacksonJson
2020-05-05 20:14:37.159  INFO 10668 --- [restartedMain] c.n.d.provider.DiscoveryJerseyProvider   : Using XML encoding codec XStreamXml
2020-05-05 20:14:37.159  INFO 10668 --- [restartedMain] c.n.d.provider.DiscoveryJerseyProvider   : Using XML decoding codec XStreamXml
2020-05-05 20:14:37.315  INFO 10668 --- [restartedMain] c.n.d.s.r.aws.ConfigClusterResolver      : Resolving eureka endpoints via configuration
2020-05-05 20:14:37.456  INFO 10668 --- [restartedMain] com.netflix.discovery.DiscoveryClient    : Disable delta property : false
2020-05-05 20:14:37.456  INFO 10668 --- [restartedMain] com.netflix.discovery.DiscoveryClient    : Single vip registry refresh property : null
2020-05-05 20:14:37.456  INFO 10668 --- [restartedMain] com.netflix.discovery.DiscoveryClient    : Force full registry fetch : false
2020-05-05 20:14:37.456  INFO 10668 --- [restartedMain] com.netflix.discovery.DiscoveryClient    : Application is null : false
2020-05-05 20:14:37.456  INFO 10668 --- [restartedMain] com.netflix.discovery.DiscoveryClient    : Registered Applications size is zero : true
2020-05-05 20:14:37.456  INFO 10668 --- [restartedMain] com.netflix.discovery.DiscoveryClient    : Application version is -1: true
2020-05-05 20:14:37.456  INFO 10668 --- [restartedMain] com.netflix.discovery.DiscoveryClient    : Getting all instance registry info from the eureka server
2020-05-05 20:14:37.627  INFO 10668 --- [restartedMain] com.netflix.discovery.DiscoveryClient    : The response status is 200
2020-05-05 20:14:37.636  INFO 10668 --- [restartedMain] com.netflix.discovery.DiscoveryClient    : Starting heartbeat executor: renew interval is: 30
2020-05-05 20:14:37.636  INFO 10668 --- [restartedMain] c.n.discovery.InstanceInfoReplicator     : InstanceInfoReplicator onDemand update allowed rate per min is 4
2020-05-05 20:14:37.636  INFO 10668 --- [restartedMain] com.netflix.discovery.DiscoveryClient    : Discovery Client initialized at timestamp 1588702477636 with initial instances count: 2
2020-05-05 20:14:37.636  INFO 10668 --- [restartedMain] o.s.c.n.e.s.EurekaServiceRegistry        : Registering application SERVICIO-CATEGORIAS with eureka with status UP
2020-05-05 20:14:37.651  INFO 10668 --- [restartedMain] com.netflix.discovery.DiscoveryClient    : Saw local status change event StatusChangeEvent [timestamp=1588702477651, current=UP, previous=STARTING]
2020-05-05 20:14:37.651  INFO 10668 --- [DiscoveryClient-InstanceInfoReplicator-0] com.netflix.discovery.DiscoveryClient    : DiscoveryClient_SERVICIO-CATEGORIAS/servicio-categorias:5fcaab02bc14ffa5c9dadab72d9fa113: registering service...
2020-05-05 20:14:37.651  INFO 10668 --- [restartedMain] c.f.categorias.CategoriesApplication     : Started CategoriesApplication in 11.472 seconds (JVM running for 12.38)
2020-05-05 20:14:37.667  INFO 10668 --- [RMI TCP Connection(4)-127.0.0.1] o.a.c.c.C.[Tomcat].[localhost].[/]       : Initializing Spring DispatcherServlet 'dispatcherServlet'
2020-05-05 20:14:37.667  INFO 10668 --- [RMI TCP Connection(4)-127.0.0.1] o.s.web.servlet.DispatcherServlet        : Initializing Servlet 'dispatcherServlet'
2020-05-05 20:14:37.691  INFO 10668 --- [DiscoveryClient-InstanceInfoReplicator-0] com.netflix.discovery.DiscoveryClient    : DiscoveryClient_SERVICIO-CATEGORIAS/servicio-categorias:5fcaab02bc14ffa5c9dadab72d9fa113 - registration status: 204
2020-05-05 20:14:37.691  INFO 10668 --- [RMI TCP Connection(4)-127.0.0.1] o.s.web.servlet.DispatcherServlet        : Completed initialization in 24 ms
2020-05-05 20:19:37.461  INFO 10668 --- [AsyncResolver-bootstrap-executor-0] c.n.d.s.r.aws.ConfigClusterResolver      : Resolving eureka endpoints via configuration
