2021-01-18 21:33:10.226  INFO 9340 --- [main] com.fernandez.tags.TagsApplication       : Starting TagsApplication on AT-5CD012CY63 with PID 9340 (C:\Proyecto\servicio-tags\target\classes started by jffernandez.herreros in C:\Proyecto\servicio-tags)
2021-01-18 21:33:10.231 DEBUG 9340 --- [main] com.fernandez.tags.TagsApplication       : Running with Spring Boot v2.1.2.RELEASE, Spring v5.1.4.RELEASE
2021-01-18 21:33:10.232  INFO 9340 --- [main] com.fernandez.tags.TagsApplication       : No active profile set, falling back to default profiles: default
2021-01-18 21:33:12.283  INFO 9340 --- [main] .s.d.r.c.RepositoryConfigurationDelegate : Bootstrapping Spring Data repositories in DEFAULT mode.
2021-01-18 21:33:12.386  INFO 9340 --- [main] .s.d.r.c.RepositoryConfigurationDelegate : Finished Spring Data repository scanning in 94ms. Found 2 repository interfaces.
2021-01-18 21:33:13.097  INFO 9340 --- [main] trationDelegate$BeanPostProcessorChecker : Bean 'org.springframework.transaction.annotation.ProxyTransactionManagementConfiguration' of type [org.springframework.transaction.annotation.ProxyTransactionManagementConfiguration$$EnhancerBySpringCGLIB$$3c6409ab] is not eligible for getting processed by all BeanPostProcessors (for example: not eligible for auto-proxying)
2021-01-18 21:33:13.226  INFO 9340 --- [main] trationDelegate$BeanPostProcessorChecker : Bean 'org.springframework.hateoas.config.HateoasConfiguration' of type [org.springframework.hateoas.config.HateoasConfiguration$$EnhancerBySpringCGLIB$$bbe456dd] is not eligible for getting processed by all BeanPostProcessors (for example: not eligible for auto-proxying)
2021-01-18 21:33:14.517  INFO 9340 --- [main] o.s.b.w.embedded.tomcat.TomcatWebServer  : Tomcat initialized with port(s): 8884 (http)
2021-01-18 21:33:14.545  INFO 9340 --- [main] o.apache.catalina.core.StandardService   : Starting service [Tomcat]
2021-01-18 21:33:14.545  INFO 9340 --- [main] org.apache.catalina.core.StandardEngine  : Starting Servlet engine: [Apache Tomcat/9.0.14]
2021-01-18 21:33:14.555  INFO 9340 --- [main] o.a.catalina.core.AprLifecycleListener   : The APR based Apache Tomcat Native library which allows optimal performance in production environments was not found on the java.library.path: [C:\Program Files\Java\jre1.8.0_271\bin;C:\WINDOWS\Sun\Java\bin;C:\WINDOWS\system32;C:\WINDOWS;C:/Program Files/Java/jre1.8.0_271/bin/server;C:/Program Files/Java/jre1.8.0_271/bin;C:/Program Files/Java/jre1.8.0_271/lib/amd64;C:\Program Files (x86)\Common Files\Oracle\Java\javapath;C:\WINDOWS\system32;C:\WINDOWS;C:\WINDOWS\System32\Wbem;C:\WINDOWS\System32\WindowsPowerShell\v1.0\;C:\WINDOWS\System32\OpenSSH\;C:\Program Files\Intel\WiFi\bin\;C:\Program Files\Common Files\Intel\WirelessCommon\;C:\Program Files (x86)\Intel\Intel(R) Management Engine Components\DAL;C:\Program Files\Intel\Intel(R) Management Engine Components\DAL;C:\Software\maven\bin;C:\Program Files\Git\cmd;C:\Program Files\nodejs\;C:\Program Files\Java\jdk1.8.0_271\bin;C:\Program Files\tuttle\;C:\Program Files\Docker\Docker\resources\bin;C:\ProgramData\DockerDesktop\version-bin;C:\Users\jffernandez.herreros\AppData\Local\Microsoft\WindowsApps;C:\Users\jffernandez.herreros\AppData\Local\Programs\Microsoft VS Code\bin;C:\Users\jffernandez.herreros\AppData\Roaming\npm;C:\Users\jffernandez.herreros\AppData\Local\Google\Cloud SDK\google-cloud-sdk\bin;C:\Software\gcloud\google-cloud-sdk\bin;C:\Software\eclipse;;.]
2021-01-18 21:33:14.709  INFO 9340 --- [main] o.a.c.c.C.[Tomcat].[localhost].[/]       : Initializing Spring embedded WebApplicationContext
2021-01-18 21:33:14.710  INFO 9340 --- [main] o.s.web.context.ContextLoader            : Root WebApplicationContext: initialization completed in 4413 ms
2021-01-18 21:33:16.149  INFO 9340 --- [main] com.zaxxer.hikari.HikariDataSource       : HikariPool-1 - Starting...
2021-01-18 21:33:17.680  INFO 9340 --- [main] com.zaxxer.hikari.HikariDataSource       : HikariPool-1 - Start completed.
2021-01-18 21:33:17.775  INFO 9340 --- [main] o.hibernate.jpa.internal.util.LogHelper  : HHH000204: Processing PersistenceUnitInfo [
	name: default
	...]
2021-01-18 21:33:17.904  INFO 9340 --- [main] org.hibernate.Version                    : HHH000412: Hibernate Core {5.3.7.Final}
2021-01-18 21:33:17.907  INFO 9340 --- [main] org.hibernate.cfg.Environment            : HHH000206: hibernate.properties not found
2021-01-18 21:33:18.190  INFO 9340 --- [main] o.hibernate.annotations.common.Version   : HCANN000001: Hibernate Commons Annotations {5.0.4.Final}
2021-01-18 21:33:18.228 DEBUG 9340 --- [main] org.hibernate.type.BasicTypeRegistry     : Adding type registration boolean -> org.hibernate.type.BooleanType@3b96f8b0
2021-01-18 21:33:18.229 DEBUG 9340 --- [main] org.hibernate.type.BasicTypeRegistry     : Adding type registration boolean -> org.hibernate.type.BooleanType@3b96f8b0
2021-01-18 21:33:18.229 DEBUG 9340 --- [main] org.hibernate.type.BasicTypeRegistry     : Adding type registration java.lang.Boolean -> org.hibernate.type.BooleanType@3b96f8b0
2021-01-18 21:33:18.230 DEBUG 9340 --- [main] org.hibernate.type.BasicTypeRegistry     : Adding type registration numeric_boolean -> org.hibernate.type.NumericBooleanType@42107318
2021-01-18 21:33:18.231 DEBUG 9340 --- [main] org.hibernate.type.BasicTypeRegistry     : Adding type registration true_false -> org.hibernate.type.TrueFalseType@4416e18d
2021-01-18 21:33:18.233 DEBUG 9340 --- [main] org.hibernate.type.BasicTypeRegistry     : Adding type registration yes_no -> org.hibernate.type.YesNoType@781c2497
2021-01-18 21:33:18.234 DEBUG 9340 --- [main] org.hibernate.type.BasicTypeRegistry     : Adding type registration byte -> org.hibernate.type.ByteType@7c2b6acb
2021-01-18 21:33:18.235 DEBUG 9340 --- [main] org.hibernate.type.BasicTypeRegistry     : Adding type registration byte -> org.hibernate.type.ByteType@7c2b6acb
2021-01-18 21:33:18.235 DEBUG 9340 --- [main] org.hibernate.type.BasicTypeRegistry     : Adding type registration java.lang.Byte -> org.hibernate.type.ByteType@7c2b6acb
2021-01-18 21:33:18.238 DEBUG 9340 --- [main] org.hibernate.type.BasicTypeRegistry     : Adding type registration character -> org.hibernate.type.CharacterType@7a1371
2021-01-18 21:33:18.238 DEBUG 9340 --- [main] org.hibernate.type.BasicTypeRegistry     : Adding type registration char -> org.hibernate.type.CharacterType@7a1371
2021-01-18 21:33:18.239 DEBUG 9340 --- [main] org.hibernate.type.BasicTypeRegistry     : Adding type registration java.lang.Character -> org.hibernate.type.CharacterType@7a1371
2021-01-18 21:33:18.241 DEBUG 9340 --- [main] org.hibernate.type.BasicTypeRegistry     : Adding type registration short -> org.hibernate.type.ShortType@117b2cc6
2021-01-18 21:33:18.242 DEBUG 9340 --- [main] org.hibernate.type.BasicTypeRegistry     : Adding type registration short -> org.hibernate.type.ShortType@117b2cc6
2021-01-18 21:33:18.243 DEBUG 9340 --- [main] org.hibernate.type.BasicTypeRegistry     : Adding type registration java.lang.Short -> org.hibernate.type.ShortType@117b2cc6
2021-01-18 21:33:18.245 DEBUG 9340 --- [main] org.hibernate.type.BasicTypeRegistry     : Adding type registration integer -> org.hibernate.type.IntegerType@6b3f4bd8
2021-01-18 21:33:18.245 DEBUG 9340 --- [main] org.hibernate.type.BasicTypeRegistry     : Adding type registration int -> org.hibernate.type.IntegerType@6b3f4bd8
2021-01-18 21:33:18.245 DEBUG 9340 --- [main] org.hibernate.type.BasicTypeRegistry     : Adding type registration java.lang.Integer -> org.hibernate.type.IntegerType@6b3f4bd8
2021-01-18 21:33:18.247 DEBUG 9340 --- [main] org.hibernate.type.BasicTypeRegistry     : Adding type registration long -> org.hibernate.type.LongType@591be8aa
2021-01-18 21:33:18.247 DEBUG 9340 --- [main] org.hibernate.type.BasicTypeRegistry     : Adding type registration long -> org.hibernate.type.LongType@591be8aa
2021-01-18 21:33:18.247 DEBUG 9340 --- [main] org.hibernate.type.BasicTypeRegistry     : Adding type registration java.lang.Long -> org.hibernate.type.LongType@591be8aa
2021-01-18 21:33:18.249 DEBUG 9340 --- [main] org.hibernate.type.BasicTypeRegistry     : Adding type registration float -> org.hibernate.type.FloatType@14a1769d
2021-01-18 21:33:18.249 DEBUG 9340 --- [main] org.hibernate.type.BasicTypeRegistry     : Adding type registration float -> org.hibernate.type.FloatType@14a1769d
2021-01-18 21:33:18.250 DEBUG 9340 --- [main] org.hibernate.type.BasicTypeRegistry     : Adding type registration java.lang.Float -> org.hibernate.type.FloatType@14a1769d
2021-01-18 21:33:18.251 DEBUG 9340 --- [main] org.hibernate.type.BasicTypeRegistry     : Adding type registration double -> org.hibernate.type.DoubleType@26ca12a2
2021-01-18 21:33:18.252 DEBUG 9340 --- [main] org.hibernate.type.BasicTypeRegistry     : Adding type registration double -> org.hibernate.type.DoubleType@26ca12a2
2021-01-18 21:33:18.252 DEBUG 9340 --- [main] org.hibernate.type.BasicTypeRegistry     : Adding type registration java.lang.Double -> org.hibernate.type.DoubleType@26ca12a2
2021-01-18 21:33:18.253 DEBUG 9340 --- [main] org.hibernate.type.BasicTypeRegistry     : Adding type registration big_decimal -> org.hibernate.type.BigDecimalType@4b4927e5
2021-01-18 21:33:18.254 DEBUG 9340 --- [main] org.hibernate.type.BasicTypeRegistry     : Adding type registration java.math.BigDecimal -> org.hibernate.type.BigDecimalType@4b4927e5
2021-01-18 21:33:18.255 DEBUG 9340 --- [main] org.hibernate.type.BasicTypeRegistry     : Adding type registration big_integer -> org.hibernate.type.BigIntegerType@537ca28e
2021-01-18 21:33:18.256 DEBUG 9340 --- [main] org.hibernate.type.BasicTypeRegistry     : Adding type registration java.math.BigInteger -> org.hibernate.type.BigIntegerType@537ca28e
2021-01-18 21:33:18.258 DEBUG 9340 --- [main] org.hibernate.type.BasicTypeRegistry     : Adding type registration string -> org.hibernate.type.StringType@63de4fa
2021-01-18 21:33:18.258 DEBUG 9340 --- [main] org.hibernate.type.BasicTypeRegistry     : Adding type registration java.lang.String -> org.hibernate.type.StringType@63de4fa
2021-01-18 21:33:18.262 DEBUG 9340 --- [main] org.hibernate.type.BasicTypeRegistry     : Adding type registration nstring -> org.hibernate.type.StringNVarcharType@658e7ead
2021-01-18 21:33:18.263 DEBUG 9340 --- [main] org.hibernate.type.BasicTypeRegistry     : Adding type registration ncharacter -> org.hibernate.type.CharacterNCharType@6d7740f0
2021-01-18 21:33:18.265 DEBUG 9340 --- [main] org.hibernate.type.BasicTypeRegistry     : Adding type registration url -> org.hibernate.type.UrlType@496cedbb
2021-01-18 21:33:18.265 DEBUG 9340 --- [main] org.hibernate.type.BasicTypeRegistry     : Adding type registration java.net.URL -> org.hibernate.type.UrlType@496cedbb
2021-01-18 21:33:18.267 DEBUG 9340 --- [main] org.hibernate.type.BasicTypeRegistry     : Adding type registration Duration -> org.hibernate.type.DurationType@2b2a4332
2021-01-18 21:33:18.267 DEBUG 9340 --- [main] org.hibernate.type.BasicTypeRegistry     : Adding type registration java.time.Duration -> org.hibernate.type.DurationType@2b2a4332
2021-01-18 21:33:18.270 DEBUG 9340 --- [main] org.hibernate.type.BasicTypeRegistry     : Adding type registration Instant -> org.hibernate.type.InstantType@5ce3409b
2021-01-18 21:33:18.270 DEBUG 9340 --- [main] org.hibernate.type.BasicTypeRegistry     : Adding type registration java.time.Instant -> org.hibernate.type.InstantType@5ce3409b
2021-01-18 21:33:18.272 DEBUG 9340 --- [main] org.hibernate.type.BasicTypeRegistry     : Adding type registration LocalDateTime -> org.hibernate.type.LocalDateTimeType@7cb29ea8
2021-01-18 21:33:18.272 DEBUG 9340 --- [main] org.hibernate.type.BasicTypeRegistry     : Adding type registration java.time.LocalDateTime -> org.hibernate.type.LocalDateTimeType@7cb29ea8
2021-01-18 21:33:18.274 DEBUG 9340 --- [main] org.hibernate.type.BasicTypeRegistry     : Adding type registration LocalDate -> org.hibernate.type.LocalDateType@bf2aa32
2021-01-18 21:33:18.274 DEBUG 9340 --- [main] org.hibernate.type.BasicTypeRegistry     : Adding type registration java.time.LocalDate -> org.hibernate.type.LocalDateType@bf2aa32
2021-01-18 21:33:18.277 DEBUG 9340 --- [main] org.hibernate.type.BasicTypeRegistry     : Adding type registration LocalTime -> org.hibernate.type.LocalTimeType@5e37fb82
2021-01-18 21:33:18.277 DEBUG 9340 --- [main] org.hibernate.type.BasicTypeRegistry     : Adding type registration java.time.LocalTime -> org.hibernate.type.LocalTimeType@5e37fb82
2021-01-18 21:33:18.279 DEBUG 9340 --- [main] org.hibernate.type.BasicTypeRegistry     : Adding type registration OffsetDateTime -> org.hibernate.type.OffsetDateTimeType@70f4f89e
2021-01-18 21:33:18.279 DEBUG 9340 --- [main] org.hibernate.type.BasicTypeRegistry     : Adding type registration java.time.OffsetDateTime -> org.hibernate.type.OffsetDateTimeType@70f4f89e
2021-01-18 21:33:18.281 DEBUG 9340 --- [main] org.hibernate.type.BasicTypeRegistry     : Adding type registration OffsetTime -> org.hibernate.type.OffsetTimeType@3302035b
2021-01-18 21:33:18.281 DEBUG 9340 --- [main] org.hibernate.type.BasicTypeRegistry     : Adding type registration java.time.OffsetTime -> org.hibernate.type.OffsetTimeType@3302035b
2021-01-18 21:33:18.284 DEBUG 9340 --- [main] org.hibernate.type.BasicTypeRegistry     : Adding type registration ZonedDateTime -> org.hibernate.type.ZonedDateTimeType@44ccd75c
2021-01-18 21:33:18.284 DEBUG 9340 --- [main] org.hibernate.type.BasicTypeRegistry     : Adding type registration java.time.ZonedDateTime -> org.hibernate.type.ZonedDateTimeType@44ccd75c
2021-01-18 21:33:18.286 DEBUG 9340 --- [main] org.hibernate.type.BasicTypeRegistry     : Adding type registration date -> org.hibernate.type.DateType@16bbaab3
2021-01-18 21:33:18.287 DEBUG 9340 --- [main] org.hibernate.type.BasicTypeRegistry     : Adding type registration java.sql.Date -> org.hibernate.type.DateType@16bbaab3
2021-01-18 21:33:18.288 DEBUG 9340 --- [main] org.hibernate.type.BasicTypeRegistry     : Adding type registration time -> org.hibernate.type.TimeType@b3857e2
2021-01-18 21:33:18.288 DEBUG 9340 --- [main] org.hibernate.type.BasicTypeRegistry     : Adding type registration java.sql.Time -> org.hibernate.type.TimeType@b3857e2
2021-01-18 21:33:18.290 DEBUG 9340 --- [main] org.hibernate.type.BasicTypeRegistry     : Adding type registration timestamp -> org.hibernate.type.TimestampType@38089dae
2021-01-18 21:33:18.290 DEBUG 9340 --- [main] org.hibernate.type.BasicTypeRegistry     : Adding type registration java.sql.Timestamp -> org.hibernate.type.TimestampType@38089dae
2021-01-18 21:33:18.291 DEBUG 9340 --- [main] org.hibernate.type.BasicTypeRegistry     : Adding type registration java.util.Date -> org.hibernate.type.TimestampType@38089dae
2021-01-18 21:33:18.293 DEBUG 9340 --- [main] org.hibernate.type.BasicTypeRegistry     : Adding type registration dbtimestamp -> org.hibernate.type.DbTimestampType@36463b09
2021-01-18 21:33:18.295 DEBUG 9340 --- [main] org.hibernate.type.BasicTypeRegistry     : Adding type registration calendar -> org.hibernate.type.CalendarType@577bfadb
2021-01-18 21:33:18.295 DEBUG 9340 --- [main] org.hibernate.type.BasicTypeRegistry     : Adding type registration java.util.Calendar -> org.hibernate.type.CalendarType@577bfadb
2021-01-18 21:33:18.296 DEBUG 9340 --- [main] org.hibernate.type.BasicTypeRegistry     : Adding type registration java.util.GregorianCalendar -> org.hibernate.type.CalendarType@577bfadb
2021-01-18 21:33:18.297 DEBUG 9340 --- [main] org.hibernate.type.BasicTypeRegistry     : Adding type registration calendar_date -> org.hibernate.type.CalendarDateType@6df791a4
2021-01-18 21:33:18.299 DEBUG 9340 --- [main] org.hibernate.type.BasicTypeRegistry     : Adding type registration locale -> org.hibernate.type.LocaleType@568f4faa
2021-01-18 21:33:18.299 DEBUG 9340 --- [main] org.hibernate.type.BasicTypeRegistry     : Adding type registration java.util.Locale -> org.hibernate.type.LocaleType@568f4faa
2021-01-18 21:33:18.301 DEBUG 9340 --- [main] org.hibernate.type.BasicTypeRegistry     : Adding type registration currency -> org.hibernate.type.CurrencyType@100d0218
2021-01-18 21:33:18.301 DEBUG 9340 --- [main] org.hibernate.type.BasicTypeRegistry     : Adding type registration java.util.Currency -> org.hibernate.type.CurrencyType@100d0218
2021-01-18 21:33:18.302 DEBUG 9340 --- [main] org.hibernate.type.BasicTypeRegistry     : Adding type registration timezone -> org.hibernate.type.TimeZoneType@5280688
2021-01-18 21:33:18.302 DEBUG 9340 --- [main] org.hibernate.type.BasicTypeRegistry     : Adding type registration java.util.TimeZone -> org.hibernate.type.TimeZoneType@5280688
2021-01-18 21:33:18.303 DEBUG 9340 --- [main] org.hibernate.type.BasicTypeRegistry     : Adding type registration class -> org.hibernate.type.ClassType@68fc9167
2021-01-18 21:33:18.304 DEBUG 9340 --- [main] org.hibernate.type.BasicTypeRegistry     : Adding type registration java.lang.Class -> org.hibernate.type.ClassType@68fc9167
2021-01-18 21:33:18.305 DEBUG 9340 --- [main] org.hibernate.type.BasicTypeRegistry     : Adding type registration uuid-binary -> org.hibernate.type.UUIDBinaryType@20a1b3ae
2021-01-18 21:33:18.305 DEBUG 9340 --- [main] org.hibernate.type.BasicTypeRegistry     : Adding type registration java.util.UUID -> org.hibernate.type.UUIDBinaryType@20a1b3ae
2021-01-18 21:33:18.306 DEBUG 9340 --- [main] org.hibernate.type.BasicTypeRegistry     : Adding type registration uuid-char -> org.hibernate.type.UUIDCharType@6546371
2021-01-18 21:33:18.308 DEBUG 9340 --- [main] org.hibernate.type.BasicTypeRegistry     : Adding type registration binary -> org.hibernate.type.BinaryType@25de8898
2021-01-18 21:33:18.309 DEBUG 9340 --- [main] org.hibernate.type.BasicTypeRegistry     : Adding type registration byte[] -> org.hibernate.type.BinaryType@25de8898
2021-01-18 21:33:18.309 DEBUG 9340 --- [main] org.hibernate.type.BasicTypeRegistry     : Adding type registration [B -> org.hibernate.type.BinaryType@25de8898
2021-01-18 21:33:18.311 DEBUG 9340 --- [main] org.hibernate.type.BasicTypeRegistry     : Adding type registration wrapper-binary -> org.hibernate.type.WrapperBinaryType@7d3bf8db
2021-01-18 21:33:18.311 DEBUG 9340 --- [main] org.hibernate.type.BasicTypeRegistry     : Adding type registration Byte[] -> org.hibernate.type.WrapperBinaryType@7d3bf8db
2021-01-18 21:33:18.311 DEBUG 9340 --- [main] org.hibernate.type.BasicTypeRegistry     : Adding type registration [Ljava.lang.Byte; -> org.hibernate.type.WrapperBinaryType@7d3bf8db
2021-01-18 21:33:18.313 DEBUG 9340 --- [main] org.hibernate.type.BasicTypeRegistry     : Adding type registration row_version -> org.hibernate.type.RowVersionType@1247c72e
2021-01-18 21:33:18.314 DEBUG 9340 --- [main] org.hibernate.type.BasicTypeRegistry     : Adding type registration image -> org.hibernate.type.ImageType@334540a0
2021-01-18 21:33:18.315 DEBUG 9340 --- [main] org.hibernate.type.BasicTypeRegistry     : Adding type registration characters -> org.hibernate.type.CharArrayType@6164e137
2021-01-18 21:33:18.315 DEBUG 9340 --- [main] org.hibernate.type.BasicTypeRegistry     : Adding type registration char[] -> org.hibernate.type.CharArrayType@6164e137
2021-01-18 21:33:18.316 DEBUG 9340 --- [main] org.hibernate.type.BasicTypeRegistry     : Adding type registration [C -> org.hibernate.type.CharArrayType@6164e137
2021-01-18 21:33:18.318 DEBUG 9340 --- [main] org.hibernate.type.BasicTypeRegistry     : Adding type registration wrapper-characters -> org.hibernate.type.CharacterArrayType@50778bde
2021-01-18 21:33:18.318 DEBUG 9340 --- [main] org.hibernate.type.BasicTypeRegistry     : Adding type registration [Ljava.lang.Character; -> org.hibernate.type.CharacterArrayType@50778bde
2021-01-18 21:33:18.319 DEBUG 9340 --- [main] org.hibernate.type.BasicTypeRegistry     : Adding type registration Character[] -> org.hibernate.type.CharacterArrayType@50778bde
2021-01-18 21:33:18.320 DEBUG 9340 --- [main] org.hibernate.type.BasicTypeRegistry     : Adding type registration text -> org.hibernate.type.TextType@1eab8437
2021-01-18 21:33:18.321 DEBUG 9340 --- [main] org.hibernate.type.BasicTypeRegistry     : Adding type registration ntext -> org.hibernate.type.NTextType@2a1e57c6
2021-01-18 21:33:18.323 DEBUG 9340 --- [main] org.hibernate.type.BasicTypeRegistry     : Adding type registration blob -> org.hibernate.type.BlobType@6d421fe
2021-01-18 21:33:18.323 DEBUG 9340 --- [main] org.hibernate.type.BasicTypeRegistry     : Adding type registration java.sql.Blob -> org.hibernate.type.BlobType@6d421fe
2021-01-18 21:33:18.324 DEBUG 9340 --- [main] org.hibernate.type.BasicTypeRegistry     : Adding type registration materialized_blob -> org.hibernate.type.MaterializedBlobType@2b098563
2021-01-18 21:33:18.327 DEBUG 9340 --- [main] org.hibernate.type.BasicTypeRegistry     : Adding type registration clob -> org.hibernate.type.ClobType@1c7f6e96
2021-01-18 21:33:18.328 DEBUG 9340 --- [main] org.hibernate.type.BasicTypeRegistry     : Adding type registration java.sql.Clob -> org.hibernate.type.ClobType@1c7f6e96
2021-01-18 21:33:18.331 DEBUG 9340 --- [main] org.hibernate.type.BasicTypeRegistry     : Adding type registration nclob -> org.hibernate.type.NClobType@d969452
2021-01-18 21:33:18.332 DEBUG 9340 --- [main] org.hibernate.type.BasicTypeRegistry     : Adding type registration java.sql.NClob -> org.hibernate.type.NClobType@d969452
2021-01-18 21:33:18.333 DEBUG 9340 --- [main] org.hibernate.type.BasicTypeRegistry     : Adding type registration materialized_clob -> org.hibernate.type.MaterializedClobType@5e385b6f
2021-01-18 21:33:18.334 DEBUG 9340 --- [main] org.hibernate.type.BasicTypeRegistry     : Adding type registration materialized_nclob -> org.hibernate.type.MaterializedNClobType@14ed7ddf
2021-01-18 21:33:18.337 DEBUG 9340 --- [main] org.hibernate.type.BasicTypeRegistry     : Adding type registration serializable -> org.hibernate.type.SerializableType@356b6b5d
2021-01-18 21:33:18.344 DEBUG 9340 --- [main] org.hibernate.type.BasicTypeRegistry     : Adding type registration object -> org.hibernate.type.ObjectType@62058742
2021-01-18 21:33:18.344 DEBUG 9340 --- [main] org.hibernate.type.BasicTypeRegistry     : Adding type registration java.lang.Object -> org.hibernate.type.ObjectType@62058742
2021-01-18 21:33:18.346 DEBUG 9340 --- [main] org.hibernate.type.BasicTypeRegistry     : Adding type registration imm_date -> org.hibernate.type.AdaptedImmutableType@76828577
2021-01-18 21:33:18.346 DEBUG 9340 --- [main] org.hibernate.type.BasicTypeRegistry     : Adding type registration imm_time -> org.hibernate.type.AdaptedImmutableType@38732372
2021-01-18 21:33:18.346 DEBUG 9340 --- [main] org.hibernate.type.BasicTypeRegistry     : Adding type registration imm_timestamp -> org.hibernate.type.AdaptedImmutableType@639cb788
2021-01-18 21:33:18.347 DEBUG 9340 --- [main] org.hibernate.type.BasicTypeRegistry     : Adding type registration imm_dbtimestamp -> org.hibernate.type.AdaptedImmutableType@2fee69a1
2021-01-18 21:33:18.348 DEBUG 9340 --- [main] org.hibernate.type.BasicTypeRegistry     : Adding type registration imm_calendar -> org.hibernate.type.AdaptedImmutableType@4d25f816
2021-01-18 21:33:18.349 DEBUG 9340 --- [main] org.hibernate.type.BasicTypeRegistry     : Adding type registration imm_calendar_date -> org.hibernate.type.AdaptedImmutableType@6c6c2a73
2021-01-18 21:33:18.350 DEBUG 9340 --- [main] org.hibernate.type.BasicTypeRegistry     : Adding type registration imm_binary -> org.hibernate.type.AdaptedImmutableType@6a4af081
2021-01-18 21:33:18.350 DEBUG 9340 --- [main] org.hibernate.type.BasicTypeRegistry     : Adding type registration imm_serializable -> org.hibernate.type.AdaptedImmutableType@36b53f08
2021-01-18 21:33:18.538  INFO 9340 --- [main] org.hibernate.dialect.Dialect            : HHH000400: Using dialect: org.hibernate.dialect.MySQL5Dialect
2021-01-18 21:33:18.611 DEBUG 9340 --- [main] o.h.type.spi.TypeConfiguration$Scope     : Scoping TypeConfiguration [org.hibernate.type.spi.TypeConfiguration@592a1882] to MetadataBuildingContext [org.hibernate.boot.internal.MetadataBuildingContextRootImpl@48368a08]
2021-01-18 21:33:18.997 DEBUG 9340 --- [main] o.h.type.spi.TypeConfiguration$Scope     : Scoping TypeConfiguration [org.hibernate.type.spi.TypeConfiguration@592a1882] to SessionFactoryImpl [org.hibernate.internal.SessionFactoryImpl@39dda56f]
2021-01-18 21:33:19.587 TRACE 9340 --- [main] o.h.type.spi.TypeConfiguration$Scope     : Handling #sessionFactoryCreated from [org.hibernate.internal.SessionFactoryImpl@39dda56f] for TypeConfiguration
2021-01-18 21:33:19.588  INFO 9340 --- [main] j.LocalContainerEntityManagerFactoryBean : Initialized JPA EntityManagerFactory for persistence unit 'default'
2021-01-18 21:33:20.853  WARN 9340 --- [main] aWebConfiguration$JpaWebMvcConfiguration : spring.jpa.open-in-view is enabled by default. Therefore, database queries may be performed during view rendering. Explicitly configure spring.jpa.open-in-view to disable this warning
2021-01-18 21:33:21.279  INFO 9340 --- [main] o.s.b.a.e.web.EndpointLinksResolver      : Exposing 2 endpoint(s) beneath base path '/actuator'
2021-01-18 21:33:21.616  INFO 9340 --- [main] pertySourcedRequestMappingHandlerMapping : Mapped URL path [/v2/api-docs] onto method [public org.springframework.http.ResponseEntity<springfox.documentation.spring.web.json.Json> springfox.documentation.swagger2.web.Swagger2Controller.getDocumentation(java.lang.String,javax.servlet.http.HttpServletRequest)]
2021-01-18 21:33:21.947  INFO 9340 --- [main] o.s.s.concurrent.ThreadPoolTaskExecutor  : Initializing ExecutorService 'applicationTaskExecutor'
2021-01-18 21:33:22.865  INFO 9340 --- [main] d.s.w.p.DocumentationPluginsBootstrapper : Context refreshed
2021-01-18 21:33:22.891  INFO 9340 --- [main] d.s.w.p.DocumentationPluginsBootstrapper : Found 1 custom documentation plugin(s)
2021-01-18 21:33:22.934  INFO 9340 --- [main] s.d.s.w.s.ApiListingReferenceScanner     : Scanning for api listing references
2021-01-18 21:33:23.147  INFO 9340 --- [main] .d.s.w.r.o.CachingOperationNameGenerator : Generating unique operation named: handleUsingGET_1
2021-01-18 21:33:23.151  INFO 9340 --- [main] .d.s.w.r.o.CachingOperationNameGenerator : Generating unique operation named: handleUsingGET_2
2021-01-18 21:33:23.154  INFO 9340 --- [main] .d.s.w.r.o.CachingOperationNameGenerator : Generating unique operation named: handleUsingGET_3
2021-01-18 21:33:23.158  INFO 9340 --- [main] .d.s.w.r.o.CachingOperationNameGenerator : Generating unique operation named: openapiYamlUsingGET_1
2021-01-18 21:33:23.262  INFO 9340 --- [main] o.s.b.w.embedded.tomcat.TomcatWebServer  : Tomcat started on port(s): 8884 (http) with context path ''
2021-01-18 21:33:23.266  INFO 9340 --- [main] com.fernandez.tags.TagsApplication       : Started TagsApplication in 13.467 seconds (JVM running for 13.867)
2021-01-18 22:00:29.062  INFO 22256 --- [main] com.fernandez.tags.TagsApplication       : Starting TagsApplication on AT-5CD012CY63 with PID 22256 (C:\Proyecto\servicio-tags\target\classes started by jffernandez.herreros in C:\Proyecto\servicio-tags)
2021-01-18 22:00:29.065 DEBUG 22256 --- [main] com.fernandez.tags.TagsApplication       : Running with Spring Boot v2.1.2.RELEASE, Spring v5.1.4.RELEASE
2021-01-18 22:00:29.066  INFO 22256 --- [main] com.fernandez.tags.TagsApplication       : No active profile set, falling back to default profiles: default
2021-01-18 22:00:30.559  INFO 22256 --- [main] .s.d.r.c.RepositoryConfigurationDelegate : Bootstrapping Spring Data repositories in DEFAULT mode.
2021-01-18 22:00:30.622  INFO 22256 --- [main] .s.d.r.c.RepositoryConfigurationDelegate : Finished Spring Data repository scanning in 56ms. Found 2 repository interfaces.
2021-01-18 22:00:31.202  INFO 22256 --- [main] trationDelegate$BeanPostProcessorChecker : Bean 'org.springframework.transaction.annotation.ProxyTransactionManagementConfiguration' of type [org.springframework.transaction.annotation.ProxyTransactionManagementConfiguration$$EnhancerBySpringCGLIB$$ec702740] is not eligible for getting processed by all BeanPostProcessors (for example: not eligible for auto-proxying)
2021-01-18 22:00:31.314  INFO 22256 --- [main] trationDelegate$BeanPostProcessorChecker : Bean 'org.springframework.hateoas.config.HateoasConfiguration' of type [org.springframework.hateoas.config.HateoasConfiguration$$EnhancerBySpringCGLIB$$6bf07472] is not eligible for getting processed by all BeanPostProcessors (for example: not eligible for auto-proxying)
2021-01-18 22:00:32.425  INFO 22256 --- [main] o.s.b.w.embedded.tomcat.TomcatWebServer  : Tomcat initialized with port(s): 8884 (http)
2021-01-18 22:00:32.449  INFO 22256 --- [main] o.apache.catalina.core.StandardService   : Starting service [Tomcat]
2021-01-18 22:00:32.450  INFO 22256 --- [main] org.apache.catalina.core.StandardEngine  : Starting Servlet engine: [Apache Tomcat/9.0.14]
2021-01-18 22:00:32.462  INFO 22256 --- [main] o.a.catalina.core.AprLifecycleListener   : The APR based Apache Tomcat Native library which allows optimal performance in production environments was not found on the java.library.path: [C:\Program Files\Java\jre1.8.0_271\bin;C:\WINDOWS\Sun\Java\bin;C:\WINDOWS\system32;C:\WINDOWS;C:/Program Files/Java/jre1.8.0_271/bin/server;C:/Program Files/Java/jre1.8.0_271/bin;C:/Program Files/Java/jre1.8.0_271/lib/amd64;C:\Program Files (x86)\Common Files\Oracle\Java\javapath;C:\WINDOWS\system32;C:\WINDOWS;C:\WINDOWS\System32\Wbem;C:\WINDOWS\System32\WindowsPowerShell\v1.0\;C:\WINDOWS\System32\OpenSSH\;C:\Program Files\Intel\WiFi\bin\;C:\Program Files\Common Files\Intel\WirelessCommon\;C:\Program Files (x86)\Intel\Intel(R) Management Engine Components\DAL;C:\Program Files\Intel\Intel(R) Management Engine Components\DAL;C:\Software\maven\bin;C:\Program Files\Git\cmd;C:\Program Files\nodejs\;C:\Program Files\Java\jdk1.8.0_271\bin;C:\Program Files\tuttle\;C:\Program Files\Docker\Docker\resources\bin;C:\ProgramData\DockerDesktop\version-bin;C:\Users\jffernandez.herreros\AppData\Local\Microsoft\WindowsApps;C:\Users\jffernandez.herreros\AppData\Local\Programs\Microsoft VS Code\bin;C:\Users\jffernandez.herreros\AppData\Roaming\npm;C:\Users\jffernandez.herreros\AppData\Local\Google\Cloud SDK\google-cloud-sdk\bin;C:\Software\gcloud\google-cloud-sdk\bin;C:\Software\eclipse;;.]
2021-01-18 22:00:32.596  INFO 22256 --- [main] o.a.c.c.C.[Tomcat].[localhost].[/]       : Initializing Spring embedded WebApplicationContext
2021-01-18 22:00:32.596  INFO 22256 --- [main] o.s.web.context.ContextLoader            : Root WebApplicationContext: initialization completed in 3471 ms
2021-01-18 22:00:33.636  INFO 22256 --- [main] com.zaxxer.hikari.HikariDataSource       : HikariPool-1 - Starting...
2021-01-18 22:00:35.105  INFO 22256 --- [main] com.zaxxer.hikari.HikariDataSource       : HikariPool-1 - Start completed.
2021-01-18 22:00:35.161  INFO 22256 --- [main] o.hibernate.jpa.internal.util.LogHelper  : HHH000204: Processing PersistenceUnitInfo [
	name: default
	...]
2021-01-18 22:00:35.224  INFO 22256 --- [main] org.hibernate.Version                    : HHH000412: Hibernate Core {5.3.7.Final}
2021-01-18 22:00:35.226  INFO 22256 --- [main] org.hibernate.cfg.Environment            : HHH000206: hibernate.properties not found
2021-01-18 22:00:35.402  INFO 22256 --- [main] o.hibernate.annotations.common.Version   : HCANN000001: Hibernate Commons Annotations {5.0.4.Final}
2021-01-18 22:00:35.431 DEBUG 22256 --- [main] org.hibernate.type.BasicTypeRegistry     : Adding type registration boolean -> org.hibernate.type.BooleanType@524f5ea5
2021-01-18 22:00:35.432 DEBUG 22256 --- [main] org.hibernate.type.BasicTypeRegistry     : Adding type registration boolean -> org.hibernate.type.BooleanType@524f5ea5
2021-01-18 22:00:35.432 DEBUG 22256 --- [main] org.hibernate.type.BasicTypeRegistry     : Adding type registration java.lang.Boolean -> org.hibernate.type.BooleanType@524f5ea5
2021-01-18 22:00:35.433 DEBUG 22256 --- [main] org.hibernate.type.BasicTypeRegistry     : Adding type registration numeric_boolean -> org.hibernate.type.NumericBooleanType@7d8b66d9
2021-01-18 22:00:35.434 DEBUG 22256 --- [main] org.hibernate.type.BasicTypeRegistry     : Adding type registration true_false -> org.hibernate.type.TrueFalseType@4264beb8
2021-01-18 22:00:35.435 DEBUG 22256 --- [main] org.hibernate.type.BasicTypeRegistry     : Adding type registration yes_no -> org.hibernate.type.YesNoType@919086
2021-01-18 22:00:35.436 DEBUG 22256 --- [main] org.hibernate.type.BasicTypeRegistry     : Adding type registration byte -> org.hibernate.type.ByteType@4d43a1b7
2021-01-18 22:00:35.436 DEBUG 22256 --- [main] org.hibernate.type.BasicTypeRegistry     : Adding type registration byte -> org.hibernate.type.ByteType@4d43a1b7
2021-01-18 22:00:35.437 DEBUG 22256 --- [main] org.hibernate.type.BasicTypeRegistry     : Adding type registration java.lang.Byte -> org.hibernate.type.ByteType@4d43a1b7
2021-01-18 22:00:35.439 DEBUG 22256 --- [main] org.hibernate.type.BasicTypeRegistry     : Adding type registration character -> org.hibernate.type.CharacterType@362a561e
2021-01-18 22:00:35.439 DEBUG 22256 --- [main] org.hibernate.type.BasicTypeRegistry     : Adding type registration char -> org.hibernate.type.CharacterType@362a561e
2021-01-18 22:00:35.439 DEBUG 22256 --- [main] org.hibernate.type.BasicTypeRegistry     : Adding type registration java.lang.Character -> org.hibernate.type.CharacterType@362a561e
2021-01-18 22:00:35.441 DEBUG 22256 --- [main] org.hibernate.type.BasicTypeRegistry     : Adding type registration short -> org.hibernate.type.ShortType@5cf0673d
2021-01-18 22:00:35.441 DEBUG 22256 --- [main] org.hibernate.type.BasicTypeRegistry     : Adding type registration short -> org.hibernate.type.ShortType@5cf0673d
2021-01-18 22:00:35.441 DEBUG 22256 --- [main] org.hibernate.type.BasicTypeRegistry     : Adding type registration java.lang.Short -> org.hibernate.type.ShortType@5cf0673d
2021-01-18 22:00:35.443 DEBUG 22256 --- [main] org.hibernate.type.BasicTypeRegistry     : Adding type registration integer -> org.hibernate.type.IntegerType@7196a8f1
2021-01-18 22:00:35.443 DEBUG 22256 --- [main] org.hibernate.type.BasicTypeRegistry     : Adding type registration int -> org.hibernate.type.IntegerType@7196a8f1
2021-01-18 22:00:35.443 DEBUG 22256 --- [main] org.hibernate.type.BasicTypeRegistry     : Adding type registration java.lang.Integer -> org.hibernate.type.IntegerType@7196a8f1
2021-01-18 22:00:35.444 DEBUG 22256 --- [main] org.hibernate.type.BasicTypeRegistry     : Adding type registration long -> org.hibernate.type.LongType@44aa91e2
2021-01-18 22:00:35.445 DEBUG 22256 --- [main] org.hibernate.type.BasicTypeRegistry     : Adding type registration long -> org.hibernate.type.LongType@44aa91e2
2021-01-18 22:00:35.445 DEBUG 22256 --- [main] org.hibernate.type.BasicTypeRegistry     : Adding type registration java.lang.Long -> org.hibernate.type.LongType@44aa91e2
2021-01-18 22:00:35.446 DEBUG 22256 --- [main] org.hibernate.type.BasicTypeRegistry     : Adding type registration float -> org.hibernate.type.FloatType@19bfbe28
2021-01-18 22:00:35.447 DEBUG 22256 --- [main] org.hibernate.type.BasicTypeRegistry     : Adding type registration float -> org.hibernate.type.FloatType@19bfbe28
2021-01-18 22:00:35.447 DEBUG 22256 --- [main] org.hibernate.type.BasicTypeRegistry     : Adding type registration java.lang.Float -> org.hibernate.type.FloatType@19bfbe28
2021-01-18 22:00:35.448 DEBUG 22256 --- [main] org.hibernate.type.BasicTypeRegistry     : Adding type registration double -> org.hibernate.type.DoubleType@653a5967
2021-01-18 22:00:35.449 DEBUG 22256 --- [main] org.hibernate.type.BasicTypeRegistry     : Adding type registration double -> org.hibernate.type.DoubleType@653a5967
2021-01-18 22:00:35.449 DEBUG 22256 --- [main] org.hibernate.type.BasicTypeRegistry     : Adding type registration java.lang.Double -> org.hibernate.type.DoubleType@653a5967
2021-01-18 22:00:35.450 DEBUG 22256 --- [main] org.hibernate.type.BasicTypeRegistry     : Adding type registration big_decimal -> org.hibernate.type.BigDecimalType@2b9aeedb
2021-01-18 22:00:35.450 DEBUG 22256 --- [main] org.hibernate.type.BasicTypeRegistry     : Adding type registration java.math.BigDecimal -> org.hibernate.type.BigDecimalType@2b9aeedb
2021-01-18 22:00:35.452 DEBUG 22256 --- [main] org.hibernate.type.BasicTypeRegistry     : Adding type registration big_integer -> org.hibernate.type.BigIntegerType@5bb2fb2b
2021-01-18 22:00:35.453 DEBUG 22256 --- [main] org.hibernate.type.BasicTypeRegistry     : Adding type registration java.math.BigInteger -> org.hibernate.type.BigIntegerType@5bb2fb2b
2021-01-18 22:00:35.453 DEBUG 22256 --- [main] org.hibernate.type.BasicTypeRegistry     : Adding type registration string -> org.hibernate.type.StringType@44da7eb3
2021-01-18 22:00:35.453 DEBUG 22256 --- [main] org.hibernate.type.BasicTypeRegistry     : Adding type registration java.lang.String -> org.hibernate.type.StringType@44da7eb3
2021-01-18 22:00:35.454 DEBUG 22256 --- [main] org.hibernate.type.BasicTypeRegistry     : Adding type registration nstring -> org.hibernate.type.StringNVarcharType@2c2e3460
2021-01-18 22:00:35.455 DEBUG 22256 --- [main] org.hibernate.type.BasicTypeRegistry     : Adding type registration ncharacter -> org.hibernate.type.CharacterNCharType@1fc0d9b4
2021-01-18 22:00:35.456 DEBUG 22256 --- [main] org.hibernate.type.BasicTypeRegistry     : Adding type registration url -> org.hibernate.type.UrlType@5dfc2a4
2021-01-18 22:00:35.457 DEBUG 22256 --- [main] org.hibernate.type.BasicTypeRegistry     : Adding type registration java.net.URL -> org.hibernate.type.UrlType@5dfc2a4
2021-01-18 22:00:35.458 DEBUG 22256 --- [main] org.hibernate.type.BasicTypeRegistry     : Adding type registration Duration -> org.hibernate.type.DurationType@439d545c
2021-01-18 22:00:35.458 DEBUG 22256 --- [main] org.hibernate.type.BasicTypeRegistry     : Adding type registration java.time.Duration -> org.hibernate.type.DurationType@439d545c
2021-01-18 22:00:35.460 DEBUG 22256 --- [main] org.hibernate.type.BasicTypeRegistry     : Adding type registration Instant -> org.hibernate.type.InstantType@3c60c681
2021-01-18 22:00:35.460 DEBUG 22256 --- [main] org.hibernate.type.BasicTypeRegistry     : Adding type registration java.time.Instant -> org.hibernate.type.InstantType@3c60c681
2021-01-18 22:00:35.461 DEBUG 22256 --- [main] org.hibernate.type.BasicTypeRegistry     : Adding type registration LocalDateTime -> org.hibernate.type.LocalDateTimeType@73aaec54
2021-01-18 22:00:35.462 DEBUG 22256 --- [main] org.hibernate.type.BasicTypeRegistry     : Adding type registration java.time.LocalDateTime -> org.hibernate.type.LocalDateTimeType@73aaec54
2021-01-18 22:00:35.463 DEBUG 22256 --- [main] org.hibernate.type.BasicTypeRegistry     : Adding type registration LocalDate -> org.hibernate.type.LocalDateType@36211bbc
2021-01-18 22:00:35.463 DEBUG 22256 --- [main] org.hibernate.type.BasicTypeRegistry     : Adding type registration java.time.LocalDate -> org.hibernate.type.LocalDateType@36211bbc
2021-01-18 22:00:35.465 DEBUG 22256 --- [main] org.hibernate.type.BasicTypeRegistry     : Adding type registration LocalTime -> org.hibernate.type.LocalTimeType@5e98032e
2021-01-18 22:00:35.465 DEBUG 22256 --- [main] org.hibernate.type.BasicTypeRegistry     : Adding type registration java.time.LocalTime -> org.hibernate.type.LocalTimeType@5e98032e
2021-01-18 22:00:35.467 DEBUG 22256 --- [main] org.hibernate.type.BasicTypeRegistry     : Adding type registration OffsetDateTime -> org.hibernate.type.OffsetDateTimeType@77ea806f
2021-01-18 22:00:35.467 DEBUG 22256 --- [main] org.hibernate.type.BasicTypeRegistry     : Adding type registration java.time.OffsetDateTime -> org.hibernate.type.OffsetDateTimeType@77ea806f
2021-01-18 22:00:35.468 DEBUG 22256 --- [main] org.hibernate.type.BasicTypeRegistry     : Adding type registration OffsetTime -> org.hibernate.type.OffsetTimeType@516195cf
2021-01-18 22:00:35.468 DEBUG 22256 --- [main] org.hibernate.type.BasicTypeRegistry     : Adding type registration java.time.OffsetTime -> org.hibernate.type.OffsetTimeType@516195cf
2021-01-18 22:00:35.471 DEBUG 22256 --- [main] org.hibernate.type.BasicTypeRegistry     : Adding type registration ZonedDateTime -> org.hibernate.type.ZonedDateTimeType@4c063cb9
2021-01-18 22:00:35.471 DEBUG 22256 --- [main] org.hibernate.type.BasicTypeRegistry     : Adding type registration java.time.ZonedDateTime -> org.hibernate.type.ZonedDateTimeType@4c063cb9
2021-01-18 22:00:35.474 DEBUG 22256 --- [main] org.hibernate.type.BasicTypeRegistry     : Adding type registration date -> org.hibernate.type.DateType@6d7740f0
2021-01-18 22:00:35.474 DEBUG 22256 --- [main] org.hibernate.type.BasicTypeRegistry     : Adding type registration java.sql.Date -> org.hibernate.type.DateType@6d7740f0
2021-01-18 22:00:35.474 DEBUG 22256 --- [main] org.hibernate.type.BasicTypeRegistry     : Adding type registration time -> org.hibernate.type.TimeType@496cedbb
2021-01-18 22:00:35.474 DEBUG 22256 --- [main] org.hibernate.type.BasicTypeRegistry     : Adding type registration java.sql.Time -> org.hibernate.type.TimeType@496cedbb
2021-01-18 22:00:35.475 DEBUG 22256 --- [main] org.hibernate.type.BasicTypeRegistry     : Adding type registration timestamp -> org.hibernate.type.TimestampType@2b2a4332
2021-01-18 22:00:35.477 DEBUG 22256 --- [main] org.hibernate.type.BasicTypeRegistry     : Adding type registration java.sql.Timestamp -> org.hibernate.type.TimestampType@2b2a4332
2021-01-18 22:00:35.477 DEBUG 22256 --- [main] org.hibernate.type.BasicTypeRegistry     : Adding type registration java.util.Date -> org.hibernate.type.TimestampType@2b2a4332
2021-01-18 22:00:35.477 DEBUG 22256 --- [main] org.hibernate.type.BasicTypeRegistry     : Adding type registration dbtimestamp -> org.hibernate.type.DbTimestampType@7be38eba
2021-01-18 22:00:35.479 DEBUG 22256 --- [main] org.hibernate.type.BasicTypeRegistry     : Adding type registration calendar -> org.hibernate.type.CalendarType@2fca3eb5
2021-01-18 22:00:35.479 DEBUG 22256 --- [main] org.hibernate.type.BasicTypeRegistry     : Adding type registration java.util.Calendar -> org.hibernate.type.CalendarType@2fca3eb5
2021-01-18 22:00:35.479 DEBUG 22256 --- [main] org.hibernate.type.BasicTypeRegistry     : Adding type registration java.util.GregorianCalendar -> org.hibernate.type.CalendarType@2fca3eb5
2021-01-18 22:00:35.479 DEBUG 22256 --- [main] org.hibernate.type.BasicTypeRegistry     : Adding type registration calendar_date -> org.hibernate.type.CalendarDateType@b5c902
2021-01-18 22:00:35.481 DEBUG 22256 --- [main] org.hibernate.type.BasicTypeRegistry     : Adding type registration locale -> org.hibernate.type.LocaleType@56da96b3
2021-01-18 22:00:35.481 DEBUG 22256 --- [main] org.hibernate.type.BasicTypeRegistry     : Adding type registration java.util.Locale -> org.hibernate.type.LocaleType@56da96b3
2021-01-18 22:00:35.482 DEBUG 22256 --- [main] org.hibernate.type.BasicTypeRegistry     : Adding type registration currency -> org.hibernate.type.CurrencyType@59ec7020
2021-01-18 22:00:35.482 DEBUG 22256 --- [main] org.hibernate.type.BasicTypeRegistry     : Adding type registration java.util.Currency -> org.hibernate.type.CurrencyType@59ec7020
2021-01-18 22:00:35.483 DEBUG 22256 --- [main] org.hibernate.type.BasicTypeRegistry     : Adding type registration timezone -> org.hibernate.type.TimeZoneType@634aa81e
2021-01-18 22:00:35.483 DEBUG 22256 --- [main] org.hibernate.type.BasicTypeRegistry     : Adding type registration java.util.TimeZone -> org.hibernate.type.TimeZoneType@634aa81e
2021-01-18 22:00:35.484 DEBUG 22256 --- [main] org.hibernate.type.BasicTypeRegistry     : Adding type registration class -> org.hibernate.type.ClassType@6c5747db
2021-01-18 22:00:35.484 DEBUG 22256 --- [main] org.hibernate.type.BasicTypeRegistry     : Adding type registration java.lang.Class -> org.hibernate.type.ClassType@6c5747db
2021-01-18 22:00:35.485 DEBUG 22256 --- [main] org.hibernate.type.BasicTypeRegistry     : Adding type registration uuid-binary -> org.hibernate.type.UUIDBinaryType@64c8fcfb
2021-01-18 22:00:35.485 DEBUG 22256 --- [main] org.hibernate.type.BasicTypeRegistry     : Adding type registration java.util.UUID -> org.hibernate.type.UUIDBinaryType@64c8fcfb
2021-01-18 22:00:35.486 DEBUG 22256 --- [main] org.hibernate.type.BasicTypeRegistry     : Adding type registration uuid-char -> org.hibernate.type.UUIDCharType@83b0d0f
2021-01-18 22:00:35.487 DEBUG 22256 --- [main] org.hibernate.type.BasicTypeRegistry     : Adding type registration binary -> org.hibernate.type.BinaryType@22b82ddf
2021-01-18 22:00:35.487 DEBUG 22256 --- [main] org.hibernate.type.BasicTypeRegistry     : Adding type registration byte[] -> org.hibernate.type.BinaryType@22b82ddf
2021-01-18 22:00:35.487 DEBUG 22256 --- [main] org.hibernate.type.BasicTypeRegistry     : Adding type registration [B -> org.hibernate.type.BinaryType@22b82ddf
2021-01-18 22:00:35.489 DEBUG 22256 --- [main] org.hibernate.type.BasicTypeRegistry     : Adding type registration wrapper-binary -> org.hibernate.type.WrapperBinaryType@566fe83c
2021-01-18 22:00:35.489 DEBUG 22256 --- [main] org.hibernate.type.BasicTypeRegistry     : Adding type registration Byte[] -> org.hibernate.type.WrapperBinaryType@566fe83c
2021-01-18 22:00:35.489 DEBUG 22256 --- [main] org.hibernate.type.BasicTypeRegistry     : Adding type registration [Ljava.lang.Byte; -> org.hibernate.type.WrapperBinaryType@566fe83c
2021-01-18 22:00:35.489 DEBUG 22256 --- [main] org.hibernate.type.BasicTypeRegistry     : Adding type registration row_version -> org.hibernate.type.RowVersionType@3f357c9d
2021-01-18 22:00:35.490 DEBUG 22256 --- [main] org.hibernate.type.BasicTypeRegistry     : Adding type registration image -> org.hibernate.type.ImageType@1ffd0114
2021-01-18 22:00:35.491 DEBUG 22256 --- [main] org.hibernate.type.BasicTypeRegistry     : Adding type registration characters -> org.hibernate.type.CharArrayType@99c4993
2021-01-18 22:00:35.492 DEBUG 22256 --- [main] org.hibernate.type.BasicTypeRegistry     : Adding type registration char[] -> org.hibernate.type.CharArrayType@99c4993
2021-01-18 22:00:35.493 DEBUG 22256 --- [main] org.hibernate.type.BasicTypeRegistry     : Adding type registration [C -> org.hibernate.type.CharArrayType@99c4993
2021-01-18 22:00:35.494 DEBUG 22256 --- [main] org.hibernate.type.BasicTypeRegistry     : Adding type registration wrapper-characters -> org.hibernate.type.CharacterArrayType@4adf3582
2021-01-18 22:00:35.494 DEBUG 22256 --- [main] org.hibernate.type.BasicTypeRegistry     : Adding type registration [Ljava.lang.Character; -> org.hibernate.type.CharacterArrayType@4adf3582
2021-01-18 22:00:35.494 DEBUG 22256 --- [main] org.hibernate.type.BasicTypeRegistry     : Adding type registration Character[] -> org.hibernate.type.CharacterArrayType@4adf3582
2021-01-18 22:00:35.495 DEBUG 22256 --- [main] org.hibernate.type.BasicTypeRegistry     : Adding type registration text -> org.hibernate.type.TextType@64bba0eb
2021-01-18 22:00:35.496 DEBUG 22256 --- [main] org.hibernate.type.BasicTypeRegistry     : Adding type registration ntext -> org.hibernate.type.NTextType@54f2df29
2021-01-18 22:00:35.498 DEBUG 22256 --- [main] org.hibernate.type.BasicTypeRegistry     : Adding type registration blob -> org.hibernate.type.BlobType@4c56644f
2021-01-18 22:00:35.499 DEBUG 22256 --- [main] org.hibernate.type.BasicTypeRegistry     : Adding type registration java.sql.Blob -> org.hibernate.type.BlobType@4c56644f
2021-01-18 22:00:35.499 DEBUG 22256 --- [main] org.hibernate.type.BasicTypeRegistry     : Adding type registration materialized_blob -> org.hibernate.type.MaterializedBlobType@6f8667bb
2021-01-18 22:00:35.501 DEBUG 22256 --- [main] org.hibernate.type.BasicTypeRegistry     : Adding type registration clob -> org.hibernate.type.ClobType@643f6179
2021-01-18 22:00:35.501 DEBUG 22256 --- [main] org.hibernate.type.BasicTypeRegistry     : Adding type registration java.sql.Clob -> org.hibernate.type.ClobType@643f6179
2021-01-18 22:00:35.502 DEBUG 22256 --- [main] org.hibernate.type.BasicTypeRegistry     : Adding type registration nclob -> org.hibernate.type.NClobType@5d767218
2021-01-18 22:00:35.503 DEBUG 22256 --- [main] org.hibernate.type.BasicTypeRegistry     : Adding type registration java.sql.NClob -> org.hibernate.type.NClobType@5d767218
2021-01-18 22:00:35.503 DEBUG 22256 --- [main] org.hibernate.type.BasicTypeRegistry     : Adding type registration materialized_clob -> org.hibernate.type.MaterializedClobType@54567b05
2021-01-18 22:00:35.503 DEBUG 22256 --- [main] org.hibernate.type.BasicTypeRegistry     : Adding type registration materialized_nclob -> org.hibernate.type.MaterializedNClobType@2b458cd6
2021-01-18 22:00:35.505 DEBUG 22256 --- [main] org.hibernate.type.BasicTypeRegistry     : Adding type registration serializable -> org.hibernate.type.SerializableType@7bc2ae16
2021-01-18 22:00:35.508 DEBUG 22256 --- [main] org.hibernate.type.BasicTypeRegistry     : Adding type registration object -> org.hibernate.type.ObjectType@6164e137
2021-01-18 22:00:35.508 DEBUG 22256 --- [main] org.hibernate.type.BasicTypeRegistry     : Adding type registration java.lang.Object -> org.hibernate.type.ObjectType@6164e137
2021-01-18 22:00:35.509 DEBUG 22256 --- [main] org.hibernate.type.BasicTypeRegistry     : Adding type registration imm_date -> org.hibernate.type.AdaptedImmutableType@2fac80a8
2021-01-18 22:00:35.509 DEBUG 22256 --- [main] org.hibernate.type.BasicTypeRegistry     : Adding type registration imm_time -> org.hibernate.type.AdaptedImmutableType@6987a133
2021-01-18 22:00:35.509 DEBUG 22256 --- [main] org.hibernate.type.BasicTypeRegistry     : Adding type registration imm_timestamp -> org.hibernate.type.AdaptedImmutableType@50778bde
2021-01-18 22:00:35.510 DEBUG 22256 --- [main] org.hibernate.type.BasicTypeRegistry     : Adding type registration imm_dbtimestamp -> org.hibernate.type.AdaptedImmutableType@1934339
2021-01-18 22:00:35.510 DEBUG 22256 --- [main] org.hibernate.type.BasicTypeRegistry     : Adding type registration imm_calendar -> org.hibernate.type.AdaptedImmutableType@4af12a63
2021-01-18 22:00:35.510 DEBUG 22256 --- [main] org.hibernate.type.BasicTypeRegistry     : Adding type registration imm_calendar_date -> org.hibernate.type.AdaptedImmutableType@1eab8437
2021-01-18 22:00:35.510 DEBUG 22256 --- [main] org.hibernate.type.BasicTypeRegistry     : Adding type registration imm_binary -> org.hibernate.type.AdaptedImmutableType@72eed547
2021-01-18 22:00:35.510 DEBUG 22256 --- [main] org.hibernate.type.BasicTypeRegistry     : Adding type registration imm_serializable -> org.hibernate.type.AdaptedImmutableType@69ffdaa8
2021-01-18 22:00:35.602  INFO 22256 --- [main] org.hibernate.dialect.Dialect            : HHH000400: Using dialect: org.hibernate.dialect.MySQL5Dialect
2021-01-18 22:00:35.654 DEBUG 22256 --- [main] o.h.type.spi.TypeConfiguration$Scope     : Scoping TypeConfiguration [org.hibernate.type.spi.TypeConfiguration@32e697ac] to MetadataBuildingContext [org.hibernate.boot.internal.MetadataBuildingContextRootImpl@3866c96e]
2021-01-18 22:00:35.942 DEBUG 22256 --- [main] o.h.type.spi.TypeConfiguration$Scope     : Scoping TypeConfiguration [org.hibernate.type.spi.TypeConfiguration@32e697ac] to SessionFactoryImpl [org.hibernate.internal.SessionFactoryImpl@67a6a2d0]
2021-01-18 22:00:36.439 TRACE 22256 --- [main] o.h.type.spi.TypeConfiguration$Scope     : Handling #sessionFactoryCreated from [org.hibernate.internal.SessionFactoryImpl@67a6a2d0] for TypeConfiguration
2021-01-18 22:00:36.441  INFO 22256 --- [main] j.LocalContainerEntityManagerFactoryBean : Initialized JPA EntityManagerFactory for persistence unit 'default'
2021-01-18 22:00:37.606  WARN 22256 --- [main] aWebConfiguration$JpaWebMvcConfiguration : spring.jpa.open-in-view is enabled by default. Therefore, database queries may be performed during view rendering. Explicitly configure spring.jpa.open-in-view to disable this warning
2021-01-18 22:00:37.987  INFO 22256 --- [main] o.s.b.a.e.web.EndpointLinksResolver      : Exposing 2 endpoint(s) beneath base path '/actuator'
2021-01-18 22:00:38.301  INFO 22256 --- [main] pertySourcedRequestMappingHandlerMapping : Mapped URL path [/v2/api-docs] onto method [public org.springframework.http.ResponseEntity<springfox.documentation.spring.web.json.Json> springfox.documentation.swagger2.web.Swagger2Controller.getDocumentation(java.lang.String,javax.servlet.http.HttpServletRequest)]
2021-01-18 22:00:38.554  INFO 22256 --- [main] o.s.s.concurrent.ThreadPoolTaskExecutor  : Initializing ExecutorService 'applicationTaskExecutor'
2021-01-18 22:00:39.441  INFO 22256 --- [main] d.s.w.p.DocumentationPluginsBootstrapper : Context refreshed
2021-01-18 22:00:39.476  INFO 22256 --- [main] d.s.w.p.DocumentationPluginsBootstrapper : Found 1 custom documentation plugin(s)
2021-01-18 22:00:39.515  INFO 22256 --- [main] s.d.s.w.s.ApiListingReferenceScanner     : Scanning for api listing references
2021-01-18 22:00:39.717  INFO 22256 --- [main] .d.s.w.r.o.CachingOperationNameGenerator : Generating unique operation named: handleUsingGET_1
2021-01-18 22:00:39.721  INFO 22256 --- [main] .d.s.w.r.o.CachingOperationNameGenerator : Generating unique operation named: handleUsingGET_2
2021-01-18 22:00:39.723  INFO 22256 --- [main] .d.s.w.r.o.CachingOperationNameGenerator : Generating unique operation named: handleUsingGET_3
2021-01-18 22:00:39.726  INFO 22256 --- [main] .d.s.w.r.o.CachingOperationNameGenerator : Generating unique operation named: openapiYamlUsingGET_1
2021-01-18 22:00:39.798  INFO 22256 --- [main] o.s.b.w.embedded.tomcat.TomcatWebServer  : Tomcat started on port(s): 8884 (http) with context path ''
2021-01-18 22:00:39.801  INFO 22256 --- [main] com.fernandez.tags.TagsApplication       : Started TagsApplication in 11.105 seconds (JVM running for 11.486)
2021-01-18 23:50:06.429  WARN 22256 --- [HikariPool-1 housekeeper] com.zaxxer.hikari.pool.HikariPool        : HikariPool-1 - Thread starvation or clock leap detected (housekeeper delta=1h47m31s232ms962s300ns).
